  [1m[35m (2.8ms)[0m  [1m[35mCREATE TABLE "schema_migrations" ("version" varchar NOT NULL PRIMARY KEY)[0m
  [1m[35m (0.1ms)[0m  [1m[35mCREATE TABLE "ar_internal_metadata" ("key" varchar NOT NULL PRIMARY KEY, "value" varchar, "created_at" datetime(6) NOT NULL, "updated_at" datetime(6) NOT NULL)[0m
  [1m[36mActiveRecord::InternalMetadata Load (0.1ms)[0m  [1m[34mSELECT * FROM "ar_internal_metadata" WHERE "ar_internal_metadata"."key" = ? ORDER BY "ar_internal_metadata"."key" ASC LIMIT 1[0m  [[nil, "environment"]]
  [1m[36mActiveRecord::InternalMetadata Create (0.1ms)[0m  [1m[32mINSERT INTO "ar_internal_metadata" ("key", "value", "created_at", "updated_at") VALUES ('environment', 'development', '2024-10-26 02:48:35.583411', '2024-10-26 02:48:35.583416') RETURNING "key"[0m
  [1m[36mActiveRecord::SchemaMigration Load (0.1ms)[0m  [1m[34mSELECT "schema_migrations"."version" FROM "schema_migrations" ORDER BY "schema_migrations"."version" ASC[0m
Migrating to CreateBlogs (20241026024821)
  [1m[36mTRANSACTION (0.1ms)[0m  [1m[36mbegin transaction[0m
  [1m[35m (1.9ms)[0m  [1m[35mCREATE TABLE "blogs" ("id" integer PRIMARY KEY AUTOINCREMENT NOT NULL, "title" varchar, "content" text, "created_at" datetime(6) NOT NULL, "updated_at" datetime(6) NOT NULL)[0m
  [1m[36mActiveRecord::SchemaMigration Create (0.1ms)[0m  [1m[32mINSERT INTO "schema_migrations" ("version") VALUES ('20241026024821') RETURNING "version"[0m
  [1m[36mTRANSACTION (0.1ms)[0m  [1m[36mcommit transaction[0m
  [1m[36mActiveRecord::SchemaMigration Load (0.1ms)[0m  [1m[34mSELECT "schema_migrations"."version" FROM "schema_migrations" ORDER BY "schema_migrations"."version" ASC[0m
Started GET "/" for 127.0.0.1 at 2024-10-26 10:49:52 +0800
  [1m[36mActiveRecord::SchemaMigration Load (0.7ms)[0m  [1m[34mSELECT "schema_migrations"."version" FROM "schema_migrations" ORDER BY "schema_migrations"."version" ASC[0m
Processing by Rails::WelcomeController#index as HTML
  Rendering /home/dqr/.rvm/gems/ruby-3.3.4/gems/railties-7.2.1.2/lib/rails/templates/rails/welcome/index.html.erb
  Rendered /home/dqr/.rvm/gems/ruby-3.3.4/gems/railties-7.2.1.2/lib/rails/templates/rails/welcome/index.html.erb (Duration: 0.9ms | GC: 0.0ms)
Completed 200 OK in 38ms (Views: 10.9ms | ActiveRecord: 0.0ms (0 queries, 0 cached) | GC: 1.3ms)


Started GET "/blogs" for 127.0.0.1 at 2024-10-26 10:49:57 +0800
Processing by BlogsController#index as HTML
  Rendering layout layouts/application.html.erb
  Rendering blogs/index.html.erb within layouts/application
  [1m[36mBlog Load (1.2ms)[0m  [1m[34mSELECT "blogs".* FROM "blogs"[0m
  â†³ app/views/blogs/index.html.erb:8
  Rendered blogs/index.html.erb within layouts/application (Duration: 21.0ms | GC: 16.1ms)
  Rendered layout layouts/application.html.erb (Duration: 247.3ms | GC: 46.8ms)
Completed 200 OK in 277ms (Views: 248.1ms | ActiveRecord: 1.3ms (1 query, 0 cached) | GC: 46.8ms)


Started GET "/blogs/new" for 127.0.0.1 at 2024-10-26 10:50:00 +0800
Processing by BlogsController#new as HTML
  Rendering layout layouts/application.html.erb
  Rendering blogs/new.html.erb within layouts/application
  Rendered blogs/_form.html.erb (Duration: 17.1ms | GC: 0.0ms)
  Rendered blogs/new.html.erb within layouts/application (Duration: 19.1ms | GC: 0.0ms)
  Rendered layout layouts/application.html.erb (Duration: 22.5ms | GC: 0.0ms)
Completed 200 OK in 43ms (Views: 23.0ms | ActiveRecord: 1.0ms (0 queries, 0 cached) | GC: 0.0ms)


Started GET "/blogs/new" for 127.0.0.1 at 2024-10-26 10:50:00 +0800
Processing by BlogsController#new as HTML
  Rendering layout layouts/application.html.erb
  Rendering blogs/new.html.erb within layouts/application
  Rendered blogs/_form.html.erb (Duration: 8.3ms | GC: 0.0ms)
  Rendered blogs/new.html.erb within layouts/application (Duration: 8.8ms | GC: 0.0ms)
  Rendered layout layouts/application.html.erb (Duration: 12.0ms | GC: 0.0ms)
Completed 200 OK in 17ms (Views: 12.8ms | ActiveRecord: 0.0ms (0 queries, 0 cached) | GC: 0.0ms)


Started GET "/blogs/new" for 127.0.0.1 at 2024-10-26 10:50:00 +0800
Processing by BlogsController#new as HTML
  Rendering layout layouts/application.html.erb
  Rendering blogs/new.html.erb within layouts/application
  Rendered blogs/_form.html.erb (Duration: 6.7ms | GC: 0.0ms)
  Rendered blogs/new.html.erb within layouts/application (Duration: 7.2ms | GC: 0.0ms)
  Rendered layout layouts/application.html.erb (Duration: 21.7ms | GC: 12.5ms)
Completed 200 OK in 23ms (Views: 22.1ms | ActiveRecord: 0.0ms (0 queries, 0 cached) | GC: 12.5ms)


Started GET "/" for 127.0.0.1 at 2024-10-26 10:50:32 +0800
  [1m[36mActiveRecord::SchemaMigration Load (3.7ms)[0m  [1m[34mSELECT "schema_migrations"."version" FROM "schema_migrations" ORDER BY "schema_migrations"."version" ASC[0m
Processing by BlogsController#index as HTML
  Rendering layout layouts/application.html.erb
  Rendering blogs/index.html.erb within layouts/application
  [1m[36mBlog Load (1.0ms)[0m  [1m[34mSELECT "blogs".* FROM "blogs"[0m
  â†³ app/views/blogs/index.html.erb:8
  Rendered blogs/index.html.erb within layouts/application (Duration: 7.5ms | GC: 0.0ms)
  Rendered layout layouts/application.html.erb (Duration: 91.2ms | GC: 0.0ms)
Completed 200 OK in 124ms (Views: 93.9ms | ActiveRecord: 1.0ms (1 query, 0 cached) | GC: 7.8ms)


Started GET "/" for 127.0.0.1 at 2024-10-26 10:50:40 +0800
Processing by BlogsController#index as HTML
  Rendering layout layouts/application.html.erb
  Rendering blogs/index.html.erb within layouts/application
  [1m[36mBlog Load (0.3ms)[0m  [1m[34mSELECT "blogs".* FROM "blogs"[0m
  â†³ app/views/blogs/index.html.erb:8
  Rendered blogs/index.html.erb within layouts/application (Duration: 6.3ms | GC: 0.0ms)
  Rendered layout layouts/application.html.erb (Duration: 11.1ms | GC: 0.0ms)
Completed 200 OK in 13ms (Views: 11.8ms | ActiveRecord: 0.1ms (1 query, 0 cached) | GC: 0.0ms)


Started GET "/" for 127.0.0.1 at 2024-10-26 22:56:38 +0800
  [1m[36mActiveRecord::SchemaMigration Load (1.0ms)[0m  [1m[34mSELECT "schema_migrations"."version" FROM "schema_migrations" ORDER BY "schema_migrations"."version" ASC[0m
Processing by BlogsController#index as HTML
  Rendering layout layouts/application.html.erb
  Rendering blogs/index.html.erb within layouts/application
  [1m[36mBlog Load (1.4ms)[0m  [1m[34mSELECT "blogs".* FROM "blogs"[0m
  â†³ app/views/blogs/index.html.erb:8
  Rendered blogs/index.html.erb within layouts/application (Duration: 6.6ms | GC: 0.0ms)
  Rendered layout layouts/application.html.erb (Duration: 88.2ms | GC: 0.0ms)
Completed 200 OK in 121ms (Views: 92.0ms | ActiveRecord: 1.3ms (1 query, 0 cached) | GC: 2.1ms)


Started GET "/blogs/new" for 127.0.0.1 at 2024-10-26 22:56:39 +0800
Processing by BlogsController#new as HTML
  Rendering layout layouts/application.html.erb
  Rendering blogs/new.html.erb within layouts/application
  Rendered blogs/_form.html.erb (Duration: 15.0ms | GC: 0.0ms)
  Rendered blogs/new.html.erb within layouts/application (Duration: 20.3ms | GC: 0.0ms)
  Rendered layout layouts/application.html.erb (Duration: 28.4ms | GC: 0.0ms)
Completed 200 OK in 49ms (Views: 29.0ms | ActiveRecord: 0.9ms (0 queries, 0 cached) | GC: 0.0ms)


Started GET "/blogs/new" for 127.0.0.1 at 2024-10-26 23:03:14 +0800
  [1m[36mActiveRecord::SchemaMigration Load (0.7ms)[0m  [1m[34mSELECT "schema_migrations"."version" FROM "schema_migrations" ORDER BY "schema_migrations"."version" ASC[0m
Processing by BlogsController#new as HTML
  Rendering layout layouts/application.html.erb
  Rendering blogs/new.html.erb within layouts/application
  Rendered blogs/_form.html.erb (Duration: 9.6ms | GC: 0.0ms)
  Rendered blogs/new.html.erb within layouts/application (Duration: 11.0ms | GC: 0.0ms)
  Rendered layout layouts/application.html.erb (Duration: 87.9ms | GC: 0.0ms)
Completed 200 OK in 126ms (Views: 90.9ms | ActiveRecord: 1.9ms (0 queries, 0 cached) | GC: 1.4ms)


Started GET "/" for 127.0.0.1 at 2024-10-26 23:03:22 +0800
Processing by BlogsController#index as HTML
  Rendering layout layouts/application.html.erb
  Rendering blogs/index.html.erb within layouts/application
  [1m[36mBlog Load (0.7ms)[0m  [1m[34mSELECT "blogs".* FROM "blogs"[0m
  â†³ app/views/blogs/index.html.erb:8
  Rendered blogs/index.html.erb within layouts/application (Duration: 8.6ms | GC: 0.0ms)
  Rendered layout layouts/application.html.erb (Duration: 14.2ms | GC: 0.0ms)
Completed 200 OK in 18ms (Views: 14.2ms | ActiveRecord: 0.5ms (1 query, 0 cached) | GC: 0.0ms)


Started GET "/blogs/new" for 127.0.0.1 at 2024-10-26 23:03:23 +0800
Processing by BlogsController#new as HTML
  Rendering layout layouts/application.html.erb
  Rendering blogs/new.html.erb within layouts/application
  Rendered blogs/_form.html.erb (Duration: 11.1ms | GC: 0.0ms)
  Rendered blogs/new.html.erb within layouts/application (Duration: 12.9ms | GC: 0.0ms)
  Rendered layout layouts/application.html.erb (Duration: 19.1ms | GC: 0.0ms)
Completed 200 OK in 26ms (Views: 21.2ms | ActiveRecord: 0.0ms (0 queries, 0 cached) | GC: 0.0ms)


Started POST "/blogs" for 127.0.0.1 at 2024-10-26 23:03:24 +0800
Processing by BlogsController#create as TURBO_STREAM
  Parameters: {"authenticity_token"=>"[FILTERED]", "blog"=>{"title"=>"", "content"=>""}, "commit"=>"Create Blog"}
  Rendering layout layouts/application.html.erb
  Rendering blogs/new.html.erb within layouts/application
  Rendered blogs/_form.html.erb (Duration: 9.6ms | GC: 0.0ms)
  Rendered blogs/new.html.erb within layouts/application (Duration: 10.3ms | GC: 0.0ms)
  Rendered layout layouts/application.html.erb (Duration: 12.9ms | GC: 0.0ms)
Completed 422 Unprocessable Content in 27ms (Views: 13.6ms | ActiveRecord: 0.0ms (0 queries, 0 cached) | GC: 0.0ms)


Started GET "/" for 127.0.0.1 at 2024-10-26 23:07:04 +0800
  [1m[36mActiveRecord::SchemaMigration Load (0.8ms)[0m  [1m[34mSELECT "schema_migrations"."version" FROM "schema_migrations" ORDER BY "schema_migrations"."version" ASC[0m
Processing by BlogsController#index as HTML
  Rendering layout layouts/application.html.erb
  Rendering blogs/index.html.erb within layouts/application
  [1m[36mBlog Load (0.9ms)[0m  [1m[34mSELECT "blogs".* FROM "blogs"[0m
  â†³ app/views/blogs/index.html.erb:8
  Rendered blogs/index.html.erb within layouts/application (Duration: 7.7ms | GC: 0.4ms)
  Rendered layout layouts/application.html.erb (Duration: 107.6ms | GC: 0.4ms)
Completed 200 OK in 145ms (Views: 109.9ms | ActiveRecord: 0.9ms (1 query, 0 cached) | GC: 14.1ms)


Started GET "/blogs/new" for 127.0.0.1 at 2024-10-26 23:07:05 +0800
Processing by BlogsController#new as HTML
  Rendering layout layouts/application.html.erb
  Rendering blogs/new.html.erb within layouts/application
  Rendered blogs/_form.html.erb (Duration: 9.7ms | GC: 0.0ms)
  Rendered blogs/new.html.erb within layouts/application (Duration: 13.1ms | GC: 0.0ms)
  Rendered layout layouts/application.html.erb (Duration: 19.1ms | GC: 0.0ms)
Completed 200 OK in 36ms (Views: 19.7ms | ActiveRecord: 1.0ms (0 queries, 0 cached) | GC: 0.0ms)


Started POST "/blogs" for 127.0.0.1 at 2024-10-26 23:07:06 +0800
Processing by BlogsController#create as TURBO_STREAM
  Parameters: {"authenticity_token"=>"[FILTERED]", "blog"=>{"title"=>"", "content"=>""}, "commit"=>"Create Blog"}
  Rendering layout layouts/application.html.erb
  Rendering blogs/new.html.erb within layouts/application
  Rendered blogs/_form.html.erb (Duration: 16.1ms | GC: 0.0ms)
  Rendered blogs/new.html.erb within layouts/application (Duration: 17.0ms | GC: 0.0ms)
  Rendered layout layouts/application.html.erb (Duration: 20.5ms | GC: 0.0ms)
Completed 422 Unprocessable Content in 36ms (Views: 21.3ms | ActiveRecord: 0.0ms (0 queries, 0 cached) | GC: 0.0ms)


Started GET "/" for 127.0.0.1 at 2024-10-26 23:08:18 +0800
Processing by BlogsController#index as HTML
  Rendering layout layouts/application.html.erb
  Rendering blogs/index.html.erb within layouts/application
  [1m[36mBlog Load (3.3ms)[0m  [1m[34mSELECT "blogs".* FROM "blogs"[0m
  â†³ app/views/blogs/index.html.erb:8
  Rendered blogs/index.html.erb within layouts/application (Duration: 8.1ms | GC: 0.0ms)
  Rendered layout layouts/application.html.erb (Duration: 12.9ms | GC: 0.0ms)
Completed 200 OK in 15ms (Views: 10.5ms | ActiveRecord: 3.2ms (1 query, 0 cached) | GC: 0.0ms)


Started GET "/blogs/new" for 127.0.0.1 at 2024-10-26 23:08:19 +0800
Processing by BlogsController#new as HTML
  Rendering layout layouts/application.html.erb
  Rendering blogs/new.html.erb within layouts/application
  Rendered blogs/_form.html.erb (Duration: 2.3ms | GC: 0.0ms)
  Rendered blogs/new.html.erb within layouts/application (Duration: 2.9ms | GC: 0.0ms)
  Rendered layout layouts/application.html.erb (Duration: 5.0ms | GC: 0.0ms)
Completed 200 OK in 8ms (Views: 5.6ms | ActiveRecord: 0.0ms (0 queries, 0 cached) | GC: 0.0ms)


Started GET "/blogs" for 127.0.0.1 at 2024-10-26 23:08:20 +0800
Processing by BlogsController#index as HTML
  Rendering layout layouts/application.html.erb
  Rendering blogs/index.html.erb within layouts/application
  [1m[36mBlog Load (0.1ms)[0m  [1m[34mSELECT "blogs".* FROM "blogs"[0m
  â†³ app/views/blogs/index.html.erb:8
  Rendered blogs/index.html.erb within layouts/application (Duration: 2.6ms | GC: 0.0ms)
  Rendered layout layouts/application.html.erb (Duration: 6.3ms | GC: 0.0ms)
Completed 200 OK in 9ms (Views: 7.8ms | ActiveRecord: 0.1ms (1 query, 0 cached) | GC: 0.0ms)


Started POST "/blogs" for 127.0.0.1 at 2024-10-26 23:08:21 +0800
Processing by BlogsController#create as TURBO_STREAM
  Parameters: {"authenticity_token"=>"[FILTERED]", "blog"=>{"title"=>"", "content"=>""}, "commit"=>"Create Blog"}
  Rendering layout layouts/application.html.erb
  Rendering blogs/new.html.erb within layouts/application
  Rendered blogs/_form.html.erb (Duration: 5.3ms | GC: 0.0ms)
  Rendered blogs/new.html.erb within layouts/application (Duration: 6.6ms | GC: 0.0ms)
  Rendered layout layouts/application.html.erb (Duration: 8.3ms | GC: 0.5ms)
Completed 422 Unprocessable Content in 16ms (Views: 9.0ms | ActiveRecord: 0.0ms (0 queries, 0 cached) | GC: 1.4ms)


Started GET "/blogs/new" for 127.0.0.1 at 2024-10-26 23:12:58 +0800
Processing by BlogsController#new as HTML
  Rendering layout layouts/application.html.erb
  Rendering blogs/new.html.erb within layouts/application
  Rendered blogs/_form.html.erb (Duration: 6.5ms | GC: 0.0ms)
  Rendered blogs/new.html.erb within layouts/application (Duration: 9.0ms | GC: 0.0ms)
  Rendered layout layouts/application.html.erb (Duration: 22.9ms | GC: 0.8ms)
Completed 200 OK in 54ms (Views: 25.2ms | ActiveRecord: 3.8ms (0 queries, 0 cached) | GC: 0.8ms)


Started POST "/blogs" for 127.0.0.1 at 2024-10-26 23:13:00 +0800
Processing by BlogsController#create as TURBO_STREAM
  Parameters: {"authenticity_token"=>"[FILTERED]", "blog"=>{"title"=>"", "content"=>""}, "commit"=>"Create Blog"}
  Rendering layout layouts/application.html.erb
  Rendering blogs/new.html.erb within layouts/application
  Rendered blogs/_form.html.erb (Duration: 3.8ms | GC: 0.0ms)
  Rendered blogs/new.html.erb within layouts/application (Duration: 4.5ms | GC: 0.0ms)
  Rendered layout layouts/application.html.erb (Duration: 6.7ms | GC: 0.0ms)
Completed 422 Unprocessable Content in 15ms (Views: 7.5ms | ActiveRecord: 0.0ms (0 queries, 0 cached) | GC: 0.0ms)


Started POST "/blogs" for 127.0.0.1 at 2024-10-26 23:13:25 +0800
Processing by BlogsController#create as TURBO_STREAM
  Parameters: {"authenticity_token"=>"[FILTERED]", "blog"=>{"title"=>"", "content"=>""}, "commit"=>"Create Blog"}
  Rendering layout layouts/application.html.erb
  Rendering blogs/new.html.erb within layouts/application
  Rendered blogs/_form.html.erb (Duration: 4.3ms | GC: 0.0ms)
  Rendered blogs/new.html.erb within layouts/application (Duration: 5.4ms | GC: 0.0ms)
  Rendered layout layouts/application.html.erb (Duration: 14.0ms | GC: 1.0ms)
Completed 422 Unprocessable Content in 51ms (Views: 29.1ms | ActiveRecord: 2.2ms (0 queries, 0 cached) | GC: 14.4ms)


Started GET "/blogs/new" for 127.0.0.1 at 2024-10-26 23:13:36 +0800
Processing by BlogsController#new as HTML
  Rendering layout layouts/application.html.erb
  Rendering blogs/new.html.erb within layouts/application
  Rendered blogs/_form.html.erb (Duration: 12.4ms | GC: 0.1ms)
  Rendered blogs/new.html.erb within layouts/application (Duration: 13.3ms | GC: 0.1ms)
  Rendered layout layouts/application.html.erb (Duration: 22.7ms | GC: 0.1ms)
Completed 200 OK in 40ms (Views: 24.5ms | ActiveRecord: 1.6ms (0 queries, 0 cached) | GC: 0.2ms)


Started POST "/blogs" for 127.0.0.1 at 2024-10-26 23:13:38 +0800
Processing by BlogsController#create as TURBO_STREAM
  Parameters: {"authenticity_token"=>"[FILTERED]", "blog"=>{"title"=>"", "content"=>""}, "commit"=>"Create Blog"}
  Rendering layout layouts/application.html.erb
  Rendering blogs/new.html.erb within layouts/application
  Rendered blogs/_form.html.erb (Duration: 4.5ms | GC: 0.0ms)
  Rendered blogs/new.html.erb within layouts/application (Duration: 4.8ms | GC: 0.0ms)
  Rendered layout layouts/application.html.erb (Duration: 6.3ms | GC: 0.0ms)
Completed 422 Unprocessable Content in 12ms (Views: 6.6ms | ActiveRecord: 0.0ms (0 queries, 0 cached) | GC: 0.0ms)


Started GET "/" for 127.0.0.1 at 2024-10-26 23:13:40 +0800
Processing by BlogsController#index as HTML
  Rendering layout layouts/application.html.erb
  Rendering blogs/index.html.erb within layouts/application
  [1m[36mBlog Load (0.9ms)[0m  [1m[34mSELECT "blogs".* FROM "blogs"[0m
  â†³ app/views/blogs/index.html.erb:8
  Rendered blogs/index.html.erb within layouts/application (Duration: 9.0ms | GC: 0.0ms)
  Rendered layout layouts/application.html.erb (Duration: 11.0ms | GC: 0.0ms)
Completed 200 OK in 13ms (Views: 10.5ms | ActiveRecord: 0.9ms (1 query, 0 cached) | GC: 0.0ms)


Started GET "/blogs/new" for 127.0.0.1 at 2024-10-26 23:13:40 +0800
Processing by BlogsController#new as HTML
  Rendering layout layouts/application.html.erb
  Rendering blogs/new.html.erb within layouts/application
  Rendered blogs/_form.html.erb (Duration: 2.7ms | GC: 0.0ms)
  Rendered blogs/new.html.erb within layouts/application (Duration: 2.9ms | GC: 0.0ms)
  Rendered layout layouts/application.html.erb (Duration: 3.8ms | GC: 0.0ms)
Completed 200 OK in 5ms (Views: 4.1ms | ActiveRecord: 0.0ms (0 queries, 0 cached) | GC: 0.0ms)


Started POST "/blogs" for 127.0.0.1 at 2024-10-26 23:13:42 +0800
Processing by BlogsController#create as TURBO_STREAM
  Parameters: {"authenticity_token"=>"[FILTERED]", "blog"=>{"title"=>"dqr", "content"=>""}, "commit"=>"Create Blog"}
  Rendering layout layouts/application.html.erb
  Rendering blogs/new.html.erb within layouts/application
  Rendered blogs/_form.html.erb (Duration: 1.1ms | GC: 0.0ms)
  Rendered blogs/new.html.erb within layouts/application (Duration: 1.3ms | GC: 0.0ms)
  Rendered layout layouts/application.html.erb (Duration: 5.1ms | GC: 0.0ms)
Completed 422 Unprocessable Content in 16ms (Views: 8.1ms | ActiveRecord: 0.0ms (0 queries, 0 cached) | GC: 0.5ms)


Started GET "/" for 127.0.0.1 at 2024-10-26 23:13:45 +0800
Processing by BlogsController#index as HTML
  Rendering layout layouts/application.html.erb
  Rendering blogs/index.html.erb within layouts/application
  [1m[36mBlog Load (1.3ms)[0m  [1m[34mSELECT "blogs".* FROM "blogs"[0m
  â†³ app/views/blogs/index.html.erb:8
  Rendered blogs/index.html.erb within layouts/application (Duration: 9.5ms | GC: 0.0ms)
  Rendered layout layouts/application.html.erb (Duration: 11.7ms | GC: 0.0ms)
Completed 200 OK in 14ms (Views: 11.9ms | ActiveRecord: 0.5ms (1 query, 0 cached) | GC: 0.0ms)


Started GET "/blogs/new" for 127.0.0.1 at 2024-10-26 23:13:45 +0800
Processing by BlogsController#new as HTML
  Rendering layout layouts/application.html.erb
  Rendering blogs/new.html.erb within layouts/application
  Rendered blogs/_form.html.erb (Duration: 0.8ms | GC: 0.0ms)
  Rendered blogs/new.html.erb within layouts/application (Duration: 1.2ms | GC: 0.0ms)
  Rendered layout layouts/application.html.erb (Duration: 2.1ms | GC: 0.0ms)
Completed 200 OK in 3ms (Views: 2.5ms | ActiveRecord: 0.0ms (0 queries, 0 cached) | GC: 0.1ms)


Started POST "/blogs" for 127.0.0.1 at 2024-10-26 23:13:47 +0800
Processing by BlogsController#create as TURBO_STREAM
  Parameters: {"authenticity_token"=>"[FILTERED]", "blog"=>{"title"=>"", "content"=>"dqr"}, "commit"=>"Create Blog"}
  Rendering layout layouts/application.html.erb
  Rendering blogs/new.html.erb within layouts/application
  Rendered blogs/_form.html.erb (Duration: 8.7ms | GC: 0.1ms)
  Rendered blogs/new.html.erb within layouts/application (Duration: 9.5ms | GC: 0.1ms)
  Rendered layout layouts/application.html.erb (Duration: 10.6ms | GC: 0.1ms)
Completed 422 Unprocessable Content in 16ms (Views: 11.7ms | ActiveRecord: 0.0ms (0 queries, 0 cached) | GC: 0.1ms)


Started GET "/" for 127.0.0.1 at 2024-10-26 23:13:49 +0800
Processing by BlogsController#index as HTML
  Rendering layout layouts/application.html.erb
  Rendering blogs/index.html.erb within layouts/application
  [1m[36mBlog Load (0.0ms)[0m  [1m[34mSELECT "blogs".* FROM "blogs"[0m
  â†³ app/views/blogs/index.html.erb:8
  Rendered blogs/index.html.erb within layouts/application (Duration: 2.5ms | GC: 0.0ms)
  Rendered layout layouts/application.html.erb (Duration: 3.7ms | GC: 0.0ms)
Completed 200 OK in 4ms (Views: 4.0ms | ActiveRecord: 0.0ms (1 query, 0 cached) | GC: 0.1ms)


Started GET "/" for 127.0.0.1 at 2024-10-26 23:24:17 +0800
Processing by BlogsController#index as HTML
  Rendering layout layouts/application.html.erb
  Rendering blogs/index.html.erb within layouts/application
  [1m[36mBlog Load (0.8ms)[0m  [1m[34mSELECT "blogs".* FROM "blogs"[0m
  â†³ app/views/blogs/index.html.erb:3
  Rendered blogs/index.html.erb within layouts/application (Duration: 7.7ms | GC: 0.0ms)
  Rendered layout layouts/application.html.erb (Duration: 22.0ms | GC: 0.0ms)
Completed 200 OK in 33ms (Views: 22.7ms | ActiveRecord: 0.8ms (1 query, 0 cached) | GC: 0.0ms)


Started GET "/blogs/new" for 127.0.0.1 at 2024-10-26 23:24:26 +0800
Processing by BlogsController#new as HTML
  Rendering layout layouts/application.html.erb
  Rendering blogs/new.html.erb within layouts/application
  Rendered blogs/_form.html.erb (Duration: 3.8ms | GC: 0.0ms)
  Rendered blogs/new.html.erb within layouts/application (Duration: 4.5ms | GC: 0.0ms)
  Rendered layout layouts/application.html.erb (Duration: 6.0ms | GC: 0.0ms)
Completed 200 OK in 21ms (Views: 6.3ms | ActiveRecord: 0.0ms (0 queries, 0 cached) | GC: 9.4ms)


Started GET "/blogs/new" for 127.0.0.1 at 2024-10-26 23:25:05 +0800
Processing by BlogsController#new as HTML
  Rendering layout layouts/application.html.erb
  Rendering blogs/new.html.erb within layouts/application
  Rendered blogs/_form.html.erb (Duration: 6.6ms | GC: 0.0ms)
  Rendered blogs/new.html.erb within layouts/application (Duration: 7.7ms | GC: 0.0ms)
  Rendered layout layouts/application.html.erb (Duration: 9.0ms | GC: 0.3ms)
Completed 200 OK in 11ms (Views: 9.3ms | ActiveRecord: 0.0ms (0 queries, 0 cached) | GC: 0.3ms)


Started GET "/blogs/new" for 127.0.0.1 at 2024-10-26 23:25:32 +0800
Processing by BlogsController#new as HTML
  Rendering layout layouts/application.html.erb
  Rendering blogs/new.html.erb within layouts/application
  Rendered blogs/_form.html.erb (Duration: 6.5ms | GC: 0.0ms)
  Rendered blogs/new.html.erb within layouts/application (Duration: 7.7ms | GC: 0.0ms)
  Rendered layout layouts/application.html.erb (Duration: 16.6ms | GC: 0.4ms)
Completed 200 OK in 39ms (Views: 17.6ms | ActiveRecord: 0.8ms (0 queries, 0 cached) | GC: 0.5ms)


Started POST "/blogs" for 127.0.0.1 at 2024-10-26 23:26:03 +0800
Processing by BlogsController#create as TURBO_STREAM
  Parameters: {"authenticity_token"=>"[FILTERED]", "blog"=>{"title"=>"å¥½å¤©æ°”", "content"=>"ä»Šå¤©å¥½å¤©æ°”ï¼Œæˆ‘ä»¬æ¥ä¸Šrubyè¯¾"}, "commit"=>"Create Blog"}
  [1m[36mTRANSACTION (1.0ms)[0m  [1m[36mbegin transaction[0m
  â†³ app/controllers/blogs_controller.rb:32:in `block in create'
  [1m[36mBlog Create (2.5ms)[0m  [1m[32mINSERT INTO "blogs" ("title", "content", "created_at", "updated_at") VALUES (?, ?, ?, ?) RETURNING "id"[0m  [["title", "å¥½å¤©æ°”"], ["content", "ä»Šå¤©å¥½å¤©æ°”ï¼Œæˆ‘ä»¬æ¥ä¸Šrubyè¯¾"], ["created_at", "2024-10-26 15:26:03.853996"], ["updated_at", "2024-10-26 15:26:03.853996"]]
  â†³ app/controllers/blogs_controller.rb:32:in `block in create'
  [1m[36mTRANSACTION (1.7ms)[0m  [1m[36mcommit transaction[0m
  â†³ app/controllers/blogs_controller.rb:32:in `block in create'
Redirected to http://127.0.0.1:3001/blogs/1
Completed 302 Found in 20ms (ActiveRecord: 5.2ms (1 query, 0 cached) | GC: 0.0ms)


Started GET "/blogs/1" for 127.0.0.1 at 2024-10-26 23:26:03 +0800
Processing by BlogsController#show as TURBO_STREAM
  Parameters: {"id"=>"1"}
  [1m[36mBlog Load (0.1ms)[0m  [1m[34mSELECT "blogs".* FROM "blogs" WHERE "blogs"."id" = ? LIMIT ?[0m  [["id", 1], ["LIMIT", 1]]
  â†³ app/controllers/blogs_controller.rb:68:in `set_blog'
  Rendering layout layouts/application.html.erb
  Rendering blogs/show.html.erb within layouts/application
  Rendered blogs/_blog.html.erb (Duration: 0.8ms | GC: 0.0ms)
  Rendered blogs/show.html.erb within layouts/application (Duration: 6.6ms | GC: 0.0ms)
  Rendered layout layouts/application.html.erb (Duration: 8.0ms | GC: 0.0ms)
Completed 200 OK in 22ms (Views: 9.1ms | ActiveRecord: 0.1ms (1 query, 0 cached) | GC: 0.0ms)


Started GET "/blogs/1" for 127.0.0.1 at 2024-10-26 23:26:06 +0800
Processing by BlogsController#show as HTML
  Parameters: {"id"=>"1"}
  [1m[36mBlog Load (0.1ms)[0m  [1m[34mSELECT "blogs".* FROM "blogs" WHERE "blogs"."id" = ? LIMIT ?[0m  [["id", 1], ["LIMIT", 1]]
  â†³ app/controllers/blogs_controller.rb:68:in `set_blog'
  Rendering layout layouts/application.html.erb
  Rendering blogs/show.html.erb within layouts/application
  Rendered blogs/_blog.html.erb (Duration: 0.0ms | GC: 0.0ms)
  Rendered blogs/show.html.erb within layouts/application (Duration: 1.2ms | GC: 0.0ms)
  Rendered layout layouts/application.html.erb (Duration: 2.1ms | GC: 0.0ms)
Completed 200 OK in 11ms (Views: 9.4ms | ActiveRecord: 0.1ms (1 query, 0 cached) | GC: 6.9ms)


Started GET "/blogs" for 127.0.0.1 at 2024-10-26 23:26:11 +0800
Processing by BlogsController#index as HTML
  Rendering layout layouts/application.html.erb
  Rendering blogs/index.html.erb within layouts/application
  [1m[36mBlog Load (0.1ms)[0m  [1m[34mSELECT "blogs".* FROM "blogs"[0m
  â†³ app/views/blogs/index.html.erb:3
  Rendered blogs/index.html.erb within layouts/application (Duration: 6.7ms | GC: 0.6ms)
  Rendered layout layouts/application.html.erb (Duration: 9.5ms | GC: 0.6ms)
Completed 200 OK in 14ms (Views: 9.9ms | ActiveRecord: 0.1ms (1 query, 0 cached) | GC: 0.6ms)


Started GET "/blogs" for 127.0.0.1 at 2024-10-26 23:26:55 +0800
Processing by BlogsController#index as HTML
  Rendering layout layouts/application.html.erb
  Rendering blogs/index.html.erb within layouts/application
  [1m[36mBlog Load (0.6ms)[0m  [1m[34mSELECT "blogs".* FROM "blogs"[0m
  â†³ app/views/blogs/index.html.erb:3
  Rendered blogs/index.html.erb within layouts/application (Duration: 15.8ms | GC: 0.2ms)
  Rendered layout layouts/application.html.erb (Duration: 24.7ms | GC: 0.4ms)
Completed 200 OK in 35ms (Views: 27.0ms | ActiveRecord: 0.9ms (1 query, 0 cached) | GC: 0.6ms)


Started GET "/blogs/1/edit" for 127.0.0.1 at 2024-10-26 23:26:58 +0800
Processing by BlogsController#edit as HTML
  Parameters: {"id"=>"1"}
  [1m[36mBlog Load (0.1ms)[0m  [1m[34mSELECT "blogs".* FROM "blogs" WHERE "blogs"."id" = ? LIMIT ?[0m  [["id", 1], ["LIMIT", 1]]
  â†³ app/controllers/blogs_controller.rb:68:in `set_blog'
  Rendering layout layouts/application.html.erb
  Rendering blogs/edit.html.erb within layouts/application
  Rendered blogs/_form.html.erb (Duration: 8.1ms | GC: 0.0ms)
  Rendered blogs/edit.html.erb within layouts/application (Duration: 8.9ms | GC: 0.0ms)
  Rendered layout layouts/application.html.erb (Duration: 11.4ms | GC: 0.0ms)
Completed 200 OK in 16ms (Views: 11.9ms | ActiveRecord: 0.1ms (1 query, 0 cached) | GC: 0.0ms)


Started GET "/blogs/1/edit" for 127.0.0.1 at 2024-10-26 23:26:58 +0800
Processing by BlogsController#edit as HTML
  Parameters: {"id"=>"1"}
  [1m[36mBlog Load (0.1ms)[0m  [1m[34mSELECT "blogs".* FROM "blogs" WHERE "blogs"."id" = ? LIMIT ?[0m  [["id", 1], ["LIMIT", 1]]
  â†³ app/controllers/blogs_controller.rb:68:in `set_blog'
  Rendering layout layouts/application.html.erb
  Rendering blogs/edit.html.erb within layouts/application
  Rendered blogs/_form.html.erb (Duration: 9.0ms | GC: 0.0ms)
  Rendered blogs/edit.html.erb within layouts/application (Duration: 9.2ms | GC: 0.0ms)
  Rendered layout layouts/application.html.erb (Duration: 10.3ms | GC: 0.0ms)
Completed 200 OK in 21ms (Views: 11.0ms | ActiveRecord: 0.1ms (1 query, 0 cached) | GC: 0.0ms)


Started GET "/blogs" for 127.0.0.1 at 2024-10-26 23:28:42 +0800
Processing by BlogsController#index as HTML
  Rendering layout layouts/application.html.erb
  Rendering blogs/index.html.erb within layouts/application
  [1m[36mBlog Load (0.7ms)[0m  [1m[34mSELECT "blogs".* FROM "blogs"[0m
  â†³ app/views/blogs/index.html.erb:3
  Rendered blogs/index.html.erb within layouts/application (Duration: 12.5ms | GC: 0.0ms)
  Rendered layout layouts/application.html.erb (Duration: 40.4ms | GC: 0.9ms)
Completed 200 OK in 64ms (Views: 56.3ms | ActiveRecord: 0.9ms (1 query, 0 cached) | GC: 1.2ms)


Started GET "/blogs" for 127.0.0.1 at 2024-10-26 23:28:43 +0800
Processing by BlogsController#index as HTML
  Rendering layout layouts/application.html.erb
  Rendering blogs/index.html.erb within layouts/application
  [1m[36mBlog Load (0.1ms)[0m  [1m[34mSELECT "blogs".* FROM "blogs"[0m
  â†³ app/views/blogs/index.html.erb:3
  Rendered blogs/index.html.erb within layouts/application (Duration: 4.0ms | GC: 0.0ms)
  Rendered layout layouts/application.html.erb (Duration: 6.5ms | GC: 0.1ms)
Completed 200 OK in 9ms (Views: 8.2ms | ActiveRecord: 0.1ms (1 query, 0 cached) | GC: 0.1ms)


Started GET "/blogs" for 127.0.0.1 at 2024-10-26 23:28:44 +0800
Processing by BlogsController#index as HTML
  Rendering layout layouts/application.html.erb
  Rendering blogs/index.html.erb within layouts/application
  [1m[36mBlog Load (0.1ms)[0m  [1m[34mSELECT "blogs".* FROM "blogs"[0m
  â†³ app/views/blogs/index.html.erb:3
  Rendered blogs/index.html.erb within layouts/application (Duration: 1.0ms | GC: 0.0ms)
  Rendered layout layouts/application.html.erb (Duration: 2.0ms | GC: 0.0ms)
Completed 200 OK in 3ms (Views: 2.1ms | ActiveRecord: 0.1ms (1 query, 0 cached) | GC: 0.0ms)


Started GET "/blogs" for 127.0.0.1 at 2024-10-26 23:28:45 +0800
Processing by BlogsController#index as HTML
  Rendering layout layouts/application.html.erb
  Rendering blogs/index.html.erb within layouts/application
  [1m[36mBlog Load (0.1ms)[0m  [1m[34mSELECT "blogs".* FROM "blogs"[0m
  â†³ app/views/blogs/index.html.erb:3
  Rendered blogs/index.html.erb within layouts/application (Duration: 4.0ms | GC: 0.0ms)
  Rendered layout layouts/application.html.erb (Duration: 5.0ms | GC: 0.0ms)
Completed 200 OK in 6ms (Views: 5.1ms | ActiveRecord: 0.0ms (1 query, 0 cached) | GC: 0.0ms)


Started GET "/blogs" for 127.0.0.1 at 2024-10-26 23:28:46 +0800
Processing by BlogsController#index as HTML
  Rendering layout layouts/application.html.erb
  Rendering blogs/index.html.erb within layouts/application
  [1m[36mBlog Load (0.1ms)[0m  [1m[34mSELECT "blogs".* FROM "blogs"[0m
  â†³ app/views/blogs/index.html.erb:3
  Rendered blogs/index.html.erb within layouts/application (Duration: 3.1ms | GC: 0.0ms)
  Rendered layout layouts/application.html.erb (Duration: 4.4ms | GC: 0.0ms)
Completed 200 OK in 5ms (Views: 4.5ms | ActiveRecord: 0.1ms (1 query, 0 cached) | GC: 0.0ms)


Started GET "/blogs" for 127.0.0.1 at 2024-10-26 23:28:46 +0800
Processing by BlogsController#index as HTML
  Rendering layout layouts/application.html.erb
  Rendering blogs/index.html.erb within layouts/application
  [1m[36mBlog Load (0.1ms)[0m  [1m[34mSELECT "blogs".* FROM "blogs"[0m
  â†³ app/views/blogs/index.html.erb:3
  Rendered blogs/index.html.erb within layouts/application (Duration: 2.1ms | GC: 0.0ms)
  Rendered layout layouts/application.html.erb (Duration: 3.2ms | GC: 0.0ms)
Completed 200 OK in 4ms (Views: 3.3ms | ActiveRecord: 0.1ms (1 query, 0 cached) | GC: 0.0ms)


Started GET "/blogs" for 127.0.0.1 at 2024-10-26 23:35:50 +0800
Processing by BlogsController#index as HTML
  Rendering layout layouts/application.html.erb
  Rendering blogs/index.html.erb within layouts/application
  [1m[36mBlog Load (0.9ms)[0m  [1m[34mSELECT "blogs".* FROM "blogs"[0m
  â†³ app/views/blogs/index.html.erb:3
  Rendered blogs/index.html.erb within layouts/application (Duration: 12.6ms | GC: 0.0ms)
  Rendered layout layouts/application.html.erb (Duration: 31.9ms | GC: 0.8ms)
Completed 200 OK in 43ms (Views: 36.3ms | ActiveRecord: 0.9ms (1 query, 0 cached) | GC: 1.4ms)


Started GET "/blogs" for 127.0.0.1 at 2024-10-26 23:37:16 +0800
Processing by BlogsController#index as HTML
  Rendering layout layouts/application.html.erb
  Rendering blogs/index.html.erb within layouts/application
  [1m[36mBlog Load (2.3ms)[0m  [1m[34mSELECT "blogs".* FROM "blogs"[0m
  â†³ app/views/blogs/index.html.erb:3
  Rendered blogs/index.html.erb within layouts/application (Duration: 11.6ms | GC: 0.0ms)
  Rendered layout layouts/application.html.erb (Duration: 29.6ms | GC: 7.2ms)
Completed 200 OK in 41ms (Views: 31.9ms | ActiveRecord: 2.6ms (1 query, 0 cached) | GC: 7.2ms)


Started GET "/blogs" for 127.0.0.1 at 2024-10-26 23:37:17 +0800
Processing by BlogsController#index as HTML
  Rendering layout layouts/application.html.erb
  Rendering blogs/index.html.erb within layouts/application
  [1m[36mBlog Load (0.1ms)[0m  [1m[34mSELECT "blogs".* FROM "blogs"[0m
  â†³ app/views/blogs/index.html.erb:3
  Rendered blogs/index.html.erb within layouts/application (Duration: 3.3ms | GC: 0.0ms)
  Rendered layout layouts/application.html.erb (Duration: 6.0ms | GC: 0.3ms)
Completed 200 OK in 8ms (Views: 6.8ms | ActiveRecord: 0.1ms (1 query, 0 cached) | GC: 0.3ms)


Started GET "/blogs" for 127.0.0.1 at 2024-10-26 23:37:38 +0800
Processing by BlogsController#index as HTML
  Rendering layout layouts/application.html.erb
  Rendering blogs/index.html.erb within layouts/application
  [1m[36mBlog Load (0.6ms)[0m  [1m[34mSELECT "blogs".* FROM "blogs"[0m
  â†³ app/views/blogs/index.html.erb:3
  Rendered blogs/index.html.erb within layouts/application (Duration: 9.1ms | GC: 0.2ms)
  Rendered layout layouts/application.html.erb (Duration: 18.5ms | GC: 0.2ms)
Completed 200 OK in 28ms (Views: 22.1ms | ActiveRecord: 0.9ms (1 query, 0 cached) | GC: 0.3ms)


Started GET "/blogs" for 127.0.0.1 at 2024-10-26 23:39:03 +0800
Processing by BlogsController#index as HTML
  Rendering layout layouts/application.html.erb
  Rendering blogs/index.html.erb within layouts/application
  [1m[36mBlog Load (0.5ms)[0m  [1m[34mSELECT "blogs".* FROM "blogs"[0m
  â†³ app/views/blogs/index.html.erb:3
  Rendered blogs/index.html.erb within layouts/application (Duration: 9.3ms | GC: 0.0ms)
  Rendered layout layouts/application.html.erb (Duration: 20.9ms | GC: 0.8ms)
Completed 200 OK in 33ms (Views: 25.9ms | ActiveRecord: 0.7ms (1 query, 0 cached) | GC: 1.3ms)


  [1m[36mActiveRecord::InternalMetadata Load (0.7ms)[0m  [1m[34mSELECT * FROM "ar_internal_metadata" WHERE "ar_internal_metadata"."key" = ? ORDER BY "ar_internal_metadata"."key" ASC LIMIT 1[0m  [[nil, "environment"]]
  [1m[36mActiveRecord::SchemaMigration Load (0.0ms)[0m  [1m[34mSELECT "schema_migrations"."version" FROM "schema_migrations" ORDER BY "schema_migrations"."version" ASC[0m
Migrating to CreateComments (20241026154039)
  [1m[36mTRANSACTION (0.0ms)[0m  [1m[36mbegin transaction[0m
  [1m[35m (1.4ms)[0m  [1m[35mCREATE TABLE "comments" ("id" integer PRIMARY KEY AUTOINCREMENT NOT NULL, "blog_id" integer NOT NULL, "content" text, "created_at" datetime(6) NOT NULL, "updated_at" datetime(6) NOT NULL, CONSTRAINT "fk_rails_b9ae98a823"
FOREIGN KEY ("blog_id")
  REFERENCES "blogs" ("id")
)[0m
  [1m[35m (0.1ms)[0m  [1m[35mCREATE INDEX "index_comments_on_blog_id" ON "comments" ("blog_id")[0m
  [1m[36mActiveRecord::SchemaMigration Create (0.1ms)[0m  [1m[32mINSERT INTO "schema_migrations" ("version") VALUES ('20241026154039') RETURNING "version"[0m
  [1m[36mTRANSACTION (1.5ms)[0m  [1m[36mcommit transaction[0m
  [1m[36mActiveRecord::SchemaMigration Load (0.2ms)[0m  [1m[34mSELECT "schema_migrations"."version" FROM "schema_migrations" ORDER BY "schema_migrations"."version" ASC[0m
Started GET "/" for 127.0.0.1 at 2024-10-26 23:49:05 +0800
  [1m[36mActiveRecord::SchemaMigration Load (0.6ms)[0m  [1m[34mSELECT "schema_migrations"."version" FROM "schema_migrations" ORDER BY "schema_migrations"."version" ASC[0m
Processing by BlogsController#index as HTML
  Rendering layout layouts/application.html.erb
  Rendering blogs/index.html.erb within layouts/application
  [1m[36mBlog Load (1.0ms)[0m  [1m[34mSELECT "blogs".* FROM "blogs"[0m
  â†³ app/views/blogs/index.html.erb:3
  Rendered blogs/index.html.erb within layouts/application (Duration: 20.1ms | GC: 0.0ms)
  Rendered layout layouts/application.html.erb (Duration: 122.3ms | GC: 0.0ms)
Completed 200 OK in 151ms (Views: 123.5ms | ActiveRecord: 2.0ms (1 query, 0 cached) | GC: 1.1ms)


Started GET "/blogs/1/edit" for 127.0.0.1 at 2024-10-26 23:49:08 +0800
Processing by BlogsController#edit as HTML
  Parameters: {"id"=>"1"}
  [1m[36mBlog Load (3.8ms)[0m  [1m[34mSELECT "blogs".* FROM "blogs" WHERE "blogs"."id" = ? LIMIT ?[0m  [["id", 1], ["LIMIT", 1]]
  â†³ app/controllers/blogs_controller.rb:68:in `set_blog'
  Rendering layout layouts/application.html.erb
  Rendering blogs/edit.html.erb within layouts/application
  Rendered blogs/_form.html.erb (Duration: 11.2ms | GC: 0.0ms)
  Rendered blogs/edit.html.erb within layouts/application (Duration: 14.8ms | GC: 0.0ms)
  Rendered layout layouts/application.html.erb (Duration: 20.1ms | GC: 0.0ms)
Completed 200 OK in 35ms (Views: 20.8ms | ActiveRecord: 3.7ms (1 query, 0 cached) | GC: 0.0ms)


Started GET "/blogs/1" for 127.0.0.1 at 2024-10-26 23:49:11 +0800
Processing by BlogsController#show as HTML
  Parameters: {"id"=>"1"}
  [1m[36mBlog Load (0.2ms)[0m  [1m[34mSELECT "blogs".* FROM "blogs" WHERE "blogs"."id" = ? LIMIT ?[0m  [["id", 1], ["LIMIT", 1]]
  â†³ app/controllers/blogs_controller.rb:68:in `set_blog'
  Rendering layout layouts/application.html.erb
  Rendering blogs/show.html.erb within layouts/application
  Rendered blogs/_blog.html.erb (Duration: 0.7ms | GC: 0.0ms)
  [1m[36mComment Load (0.3ms)[0m  [1m[34mSELECT "comments".* FROM "comments" WHERE "comments"."blog_id" = ?[0m  [["blog_id", 1]]
  â†³ app/views/blogs/show.html.erb:13
  Rendered collection of templates [0 times] (Duration: 0.0ms | GC: 0.0ms)
  Rendered blogs/show.html.erb within layouts/application (Duration: 27.1ms | GC: 0.0ms)
  Rendered layout layouts/application.html.erb (Duration: 30.6ms | GC: 0.0ms)
Completed 200 OK in 41ms (Views: 30.2ms | ActiveRecord: 1.7ms (2 queries, 0 cached) | GC: 0.0ms)


Started GET "/blogs/1/edit" for 127.0.0.1 at 2024-10-26 23:49:11 +0800
Processing by BlogsController#edit as HTML
  Parameters: {"id"=>"1"}
  [1m[36mBlog Load (0.1ms)[0m  [1m[34mSELECT "blogs".* FROM "blogs" WHERE "blogs"."id" = ? LIMIT ?[0m  [["id", 1], ["LIMIT", 1]]
  â†³ app/controllers/blogs_controller.rb:68:in `set_blog'
  Rendering layout layouts/application.html.erb
  Rendering blogs/edit.html.erb within layouts/application
  Rendered blogs/_form.html.erb (Duration: 30.6ms | GC: 20.4ms)
  Rendered blogs/edit.html.erb within layouts/application (Duration: 31.7ms | GC: 20.4ms)
  Rendered layout layouts/application.html.erb (Duration: 34.1ms | GC: 20.4ms)
Completed 200 OK in 38ms (Views: 34.8ms | ActiveRecord: 0.1ms (1 query, 0 cached) | GC: 20.4ms)


Started GET "/blogs" for 127.0.0.1 at 2024-10-26 23:49:14 +0800
Processing by BlogsController#index as HTML
  Rendering layout layouts/application.html.erb
  Rendering blogs/index.html.erb within layouts/application
  [1m[36mBlog Load (0.2ms)[0m  [1m[34mSELECT "blogs".* FROM "blogs"[0m
  â†³ app/views/blogs/index.html.erb:3
  Rendered blogs/index.html.erb within layouts/application (Duration: 3.2ms | GC: 0.0ms)
  Rendered layout layouts/application.html.erb (Duration: 7.7ms | GC: 0.7ms)
Completed 200 OK in 9ms (Views: 8.1ms | ActiveRecord: 0.3ms (1 query, 0 cached) | GC: 0.7ms)


Started GET "/blogs" for 127.0.0.1 at 2024-10-26 23:49:33 +0800
Processing by BlogsController#index as HTML
  Rendering layout layouts/application.html.erb
  Rendering blogs/index.html.erb within layouts/application
  [1m[36mBlog Load (0.1ms)[0m  [1m[34mSELECT "blogs".* FROM "blogs"[0m
  â†³ app/views/blogs/index.html.erb:3
  Rendered blogs/index.html.erb within layouts/application (Duration: 5.9ms | GC: 0.0ms)
  Rendered layout layouts/application.html.erb (Duration: 8.6ms | GC: 0.6ms)
Completed 200 OK in 13ms (Views: 10.6ms | ActiveRecord: 0.1ms (1 query, 0 cached) | GC: 0.6ms)


Started GET "/blogs/1" for 127.0.0.1 at 2024-10-26 23:49:34 +0800
Processing by BlogsController#show as HTML
  Parameters: {"id"=>"1"}
  [1m[36mBlog Load (0.1ms)[0m  [1m[34mSELECT "blogs".* FROM "blogs" WHERE "blogs"."id" = ? LIMIT ?[0m  [["id", 1], ["LIMIT", 1]]
  â†³ app/controllers/blogs_controller.rb:68:in `set_blog'
  Rendering layout layouts/application.html.erb
  Rendering blogs/show.html.erb within layouts/application
  Rendered blogs/_blog.html.erb (Duration: 0.9ms | GC: 0.0ms)
  [1m[36mComment Load (0.1ms)[0m  [1m[34mSELECT "comments".* FROM "comments" WHERE "comments"."blog_id" = ?[0m  [["blog_id", 1]]
  â†³ app/views/blogs/show.html.erb:13
  Rendered collection of templates [0 times] (Duration: 0.1ms | GC: 0.0ms)
  Rendered blogs/show.html.erb within layouts/application (Duration: 7.4ms | GC: 0.2ms)
  Rendered layout layouts/application.html.erb (Duration: 11.2ms | GC: 0.4ms)
Completed 200 OK in 23ms (Views: 12.9ms | ActiveRecord: 0.1ms (2 queries, 0 cached) | GC: 0.4ms)


Started GET "/blogs/1" for 127.0.0.1 at 2024-10-26 23:50:03 +0800
Processing by BlogsController#show as HTML
  Parameters: {"id"=>"1"}
  [1m[36mBlog Load (0.1ms)[0m  [1m[34mSELECT "blogs".* FROM "blogs" WHERE "blogs"."id" = ? LIMIT ?[0m  [["id", 1], ["LIMIT", 1]]
  â†³ app/controllers/blogs_controller.rb:68:in `set_blog'
  Rendering layout layouts/application.html.erb
  Rendering blogs/show.html.erb within layouts/application
  Rendered blogs/_blog.html.erb (Duration: 0.1ms | GC: 0.0ms)
  [1m[36mComment Load (0.1ms)[0m  [1m[34mSELECT "comments".* FROM "comments" WHERE "comments"."blog_id" = ?[0m  [["blog_id", 1]]
  â†³ app/views/blogs/show.html.erb:13
  Rendered collection of templates [0 times] (Duration: 0.0ms | GC: 0.0ms)
  Rendered blogs/show.html.erb within layouts/application (Duration: 4.2ms | GC: 0.0ms)
  Rendered layout layouts/application.html.erb (Duration: 6.1ms | GC: 0.0ms)
Completed 200 OK in 9ms (Views: 6.7ms | ActiveRecord: 0.1ms (2 queries, 0 cached) | GC: 0.0ms)


Started GET "/blogs/1/edit" for 127.0.0.1 at 2024-10-26 23:50:04 +0800
Processing by BlogsController#edit as HTML
  Parameters: {"id"=>"1"}
  [1m[36mBlog Load (0.3ms)[0m  [1m[34mSELECT "blogs".* FROM "blogs" WHERE "blogs"."id" = ? LIMIT ?[0m  [["id", 1], ["LIMIT", 1]]
  â†³ app/controllers/blogs_controller.rb:68:in `set_blog'
  Rendering layout layouts/application.html.erb
  Rendering blogs/edit.html.erb within layouts/application
  Rendered blogs/_form.html.erb (Duration: 11.3ms | GC: 0.2ms)
  Rendered blogs/edit.html.erb within layouts/application (Duration: 17.5ms | GC: 0.2ms)
  Rendered layout layouts/application.html.erb (Duration: 19.1ms | GC: 0.2ms)
Completed 200 OK in 23ms (Views: 20.1ms | ActiveRecord: 0.3ms (1 query, 0 cached) | GC: 0.2ms)


Started GET "/blogs/1" for 127.0.0.1 at 2024-10-26 23:53:19 +0800
Processing by BlogsController#show as HTML
  Parameters: {"id"=>"1"}
  [1m[36mBlog Load (0.5ms)[0m  [1m[34mSELECT "blogs".* FROM "blogs" WHERE "blogs"."id" = ? LIMIT ?[0m  [["id", 1], ["LIMIT", 1]]
  â†³ app/controllers/blogs_controller.rb:68:in `set_blog'
  Rendering layout layouts/application.html.erb
  Rendering blogs/show.html.erb within layouts/application
  Rendered blogs/_blog.html.erb (Duration: 0.5ms | GC: 0.0ms)
  [1m[36mComment Load (0.1ms)[0m  [1m[34mSELECT "comments".* FROM "comments" WHERE "comments"."blog_id" = ?[0m  [["blog_id", 1]]
  â†³ app/views/blogs/show.html.erb:13
  Rendered collection of templates [0 times] (Duration: 0.0ms | GC: 0.0ms)
  Rendered blogs/show.html.erb within layouts/application (Duration: 45.7ms | GC: 0.0ms)
  Rendered layout layouts/application.html.erb (Duration: 76.9ms | GC: 18.1ms)
Completed 200 OK in 128ms (Views: 77.5ms | ActiveRecord: 3.2ms (2 queries, 0 cached) | GC: 18.1ms)


Started POST "/blogs/1/comments" for 127.0.0.1 at 2024-10-26 23:53:51 +0800
Processing by CommentsController#create as TURBO_STREAM
  Parameters: {"authenticity_token"=>"[FILTERED]", "comment"=>{"content"=>"å¤©æ°”ç¡®å®žå¥½"}, "commit"=>"Add Comment", "blog_id"=>"1"}
  [1m[36mBlog Load (0.1ms)[0m  [1m[34mSELECT "blogs".* FROM "blogs" WHERE "blogs"."id" = ? LIMIT ?[0m  [["id", 1], ["LIMIT", 1]]
  â†³ app/controllers/comments_controller.rb:24:in `create'
  [1m[36mTRANSACTION (2.0ms)[0m  [1m[36mbegin transaction[0m
  â†³ app/controllers/comments_controller.rb:29:in `block in create'
  [1m[36mComment Create (3.7ms)[0m  [1m[32mINSERT INTO "comments" ("blog_id", "content", "created_at", "updated_at") VALUES (?, ?, ?, ?) RETURNING "id"[0m  [["blog_id", 1], ["content", "å¤©æ°”ç¡®å®žå¥½"], ["created_at", "2024-10-26 15:53:51.295391"], ["updated_at", "2024-10-26 15:53:51.295391"]]
  â†³ app/controllers/comments_controller.rb:29:in `block in create'
  [1m[36mTRANSACTION (1.8ms)[0m  [1m[36mcommit transaction[0m
  â†³ app/controllers/comments_controller.rb:29:in `block in create'
Redirected to http://127.0.0.1:3001/blogs/1
Completed 302 Found in 40ms (ActiveRecord: 7.5ms (2 queries, 0 cached) | GC: 0.2ms)


Started GET "/blogs/1" for 127.0.0.1 at 2024-10-26 23:53:51 +0800
Processing by BlogsController#show as TURBO_STREAM
  Parameters: {"id"=>"1"}
  [1m[36mBlog Load (0.1ms)[0m  [1m[34mSELECT "blogs".* FROM "blogs" WHERE "blogs"."id" = ? LIMIT ?[0m  [["id", 1], ["LIMIT", 1]]
  â†³ app/controllers/blogs_controller.rb:68:in `set_blog'
  Rendering layout layouts/application.html.erb
  Rendering blogs/show.html.erb within layouts/application
  Rendered blogs/_blog.html.erb (Duration: 0.8ms | GC: 0.0ms)
  [1m[36mComment Load (0.1ms)[0m  [1m[34mSELECT "comments".* FROM "comments" WHERE "comments"."blog_id" = ?[0m  [["blog_id", 1]]
  â†³ app/views/blogs/show.html.erb:13
  Rendered collection of comments/_comment.html.erb [1 times] (Duration: 6.5ms | GC: 0.1ms)
  Rendered blogs/show.html.erb within layouts/application (Duration: 13.3ms | GC: 0.1ms)
  Rendered layout layouts/application.html.erb (Duration: 16.5ms | GC: 0.1ms)
Completed 200 OK in 19ms (Views: 16.9ms | ActiveRecord: 0.1ms (2 queries, 0 cached) | GC: 0.1ms)


Started POST "/blogs/1/comments" for 127.0.0.1 at 2024-10-26 23:54:00 +0800
Processing by CommentsController#create as TURBO_STREAM
  Parameters: {"authenticity_token"=>"[FILTERED]", "comment"=>{"content"=>"rubyè¯¾ç¡®å®žå¥½"}, "commit"=>"Add Comment", "blog_id"=>"1"}
  [1m[36mBlog Load (0.1ms)[0m  [1m[34mSELECT "blogs".* FROM "blogs" WHERE "blogs"."id" = ? LIMIT ?[0m  [["id", 1], ["LIMIT", 1]]
  â†³ app/controllers/comments_controller.rb:24:in `create'
  [1m[36mTRANSACTION (0.2ms)[0m  [1m[36mbegin transaction[0m
  â†³ app/controllers/comments_controller.rb:29:in `block in create'
  [1m[36mComment Create (1.1ms)[0m  [1m[32mINSERT INTO "comments" ("blog_id", "content", "created_at", "updated_at") VALUES (?, ?, ?, ?) RETURNING "id"[0m  [["blog_id", 1], ["content", "rubyè¯¾ç¡®å®žå¥½"], ["created_at", "2024-10-26 15:54:00.784696"], ["updated_at", "2024-10-26 15:54:00.784696"]]
  â†³ app/controllers/comments_controller.rb:29:in `block in create'
  [1m[36mTRANSACTION (0.1ms)[0m  [1m[36mcommit transaction[0m
  â†³ app/controllers/comments_controller.rb:29:in `block in create'
Redirected to http://127.0.0.1:3001/blogs/1
Completed 302 Found in 14ms (ActiveRecord: 1.5ms (2 queries, 0 cached) | GC: 0.2ms)


Started GET "/blogs/1" for 127.0.0.1 at 2024-10-26 23:54:00 +0800
Processing by BlogsController#show as TURBO_STREAM
  Parameters: {"id"=>"1"}
  [1m[36mBlog Load (0.1ms)[0m  [1m[34mSELECT "blogs".* FROM "blogs" WHERE "blogs"."id" = ? LIMIT ?[0m  [["id", 1], ["LIMIT", 1]]
  â†³ app/controllers/blogs_controller.rb:68:in `set_blog'
  Rendering layout layouts/application.html.erb
  Rendering blogs/show.html.erb within layouts/application
  Rendered blogs/_blog.html.erb (Duration: 0.1ms | GC: 0.0ms)
  [1m[36mComment Load (0.0ms)[0m  [1m[34mSELECT "comments".* FROM "comments" WHERE "comments"."blog_id" = ?[0m  [["blog_id", 1]]
  â†³ app/views/blogs/show.html.erb:13
  Rendered collection of comments/_comment.html.erb [2 times] (Duration: 0.4ms | GC: 0.0ms)
  Rendered blogs/show.html.erb within layouts/application (Duration: 6.9ms | GC: 0.4ms)
  Rendered layout layouts/application.html.erb (Duration: 7.8ms | GC: 0.4ms)
Completed 200 OK in 11ms (Views: 8.0ms | ActiveRecord: 0.1ms (2 queries, 0 cached) | GC: 0.4ms)


Started GET "/blogs/1/edit" for 127.0.0.1 at 2024-10-26 23:54:04 +0800
Processing by BlogsController#edit as HTML
  Parameters: {"id"=>"1"}
  [1m[36mBlog Load (0.1ms)[0m  [1m[34mSELECT "blogs".* FROM "blogs" WHERE "blogs"."id" = ? LIMIT ?[0m  [["id", 1], ["LIMIT", 1]]
  â†³ app/controllers/blogs_controller.rb:68:in `set_blog'
  Rendering layout layouts/application.html.erb
  Rendering blogs/edit.html.erb within layouts/application
  Rendered blogs/_form.html.erb (Duration: 5.6ms | GC: 0.0ms)
  Rendered blogs/edit.html.erb within layouts/application (Duration: 6.9ms | GC: 0.0ms)
  Rendered layout layouts/application.html.erb (Duration: 7.8ms | GC: 0.0ms)
Completed 200 OK in 13ms (Views: 10.1ms | ActiveRecord: 0.1ms (1 query, 0 cached) | GC: 0.0ms)


Started GET "/blogs" for 127.0.0.1 at 2024-10-26 23:54:05 +0800
Processing by BlogsController#index as HTML
  Rendering layout layouts/application.html.erb
  Rendering blogs/index.html.erb within layouts/application
  [1m[36mBlog Load (0.1ms)[0m  [1m[34mSELECT "blogs".* FROM "blogs"[0m
  â†³ app/views/blogs/index.html.erb:3
  Rendered blogs/index.html.erb within layouts/application (Duration: 5.8ms | GC: 0.0ms)
  Rendered layout layouts/application.html.erb (Duration: 9.0ms | GC: 0.0ms)
Completed 200 OK in 12ms (Views: 10.4ms | ActiveRecord: 0.1ms (1 query, 0 cached) | GC: 0.0ms)


Started GET "/blogs/new" for 127.0.0.1 at 2024-10-26 23:54:07 +0800
Processing by BlogsController#new as HTML
  Rendering layout layouts/application.html.erb
  Rendering blogs/new.html.erb within layouts/application
  Rendered blogs/_form.html.erb (Duration: 1.6ms | GC: 0.0ms)
  Rendered blogs/new.html.erb within layouts/application (Duration: 2.1ms | GC: 0.0ms)
  Rendered layout layouts/application.html.erb (Duration: 5.8ms | GC: 0.0ms)
Completed 200 OK in 9ms (Views: 7.4ms | ActiveRecord: 0.0ms (0 queries, 0 cached) | GC: 0.0ms)


Started POST "/blogs" for 127.0.0.1 at 2024-10-26 23:54:25 +0800
Processing by BlogsController#create as TURBO_STREAM
  Parameters: {"authenticity_token"=>"[FILTERED]", "blog"=>{"title"=>"æœå¯åµ˜", "content"=>"æœå¯åµ˜çˆ±ä¸Šrubyè¯¾"}, "commit"=>"Create Blog"}
  [1m[36mTRANSACTION (0.0ms)[0m  [1m[36mbegin transaction[0m
  â†³ app/controllers/blogs_controller.rb:32:in `block in create'
  [1m[36mBlog Create (0.7ms)[0m  [1m[32mINSERT INTO "blogs" ("title", "content", "created_at", "updated_at") VALUES (?, ?, ?, ?) RETURNING "id"[0m  [["title", "æœå¯åµ˜"], ["content", "æœå¯åµ˜çˆ±ä¸Šrubyè¯¾"], ["created_at", "2024-10-26 15:54:25.089278"], ["updated_at", "2024-10-26 15:54:25.089278"]]
  â†³ app/controllers/blogs_controller.rb:32:in `block in create'
  [1m[36mTRANSACTION (0.1ms)[0m  [1m[36mcommit transaction[0m
  â†³ app/controllers/blogs_controller.rb:32:in `block in create'
Redirected to http://127.0.0.1:3001/blogs/2
Completed 302 Found in 8ms (ActiveRecord: 0.8ms (1 query, 0 cached) | GC: 0.0ms)


Started GET "/blogs/2" for 127.0.0.1 at 2024-10-26 23:54:25 +0800
Processing by BlogsController#show as TURBO_STREAM
  Parameters: {"id"=>"2"}
  [1m[36mBlog Load (0.1ms)[0m  [1m[34mSELECT "blogs".* FROM "blogs" WHERE "blogs"."id" = ? LIMIT ?[0m  [["id", 2], ["LIMIT", 1]]
  â†³ app/controllers/blogs_controller.rb:68:in `set_blog'
  Rendering layout layouts/application.html.erb
  Rendering blogs/show.html.erb within layouts/application
  Rendered blogs/_blog.html.erb (Duration: 0.2ms | GC: 0.0ms)
  [1m[36mComment Load (0.0ms)[0m  [1m[34mSELECT "comments".* FROM "comments" WHERE "comments"."blog_id" = ?[0m  [["blog_id", 2]]
  â†³ app/views/blogs/show.html.erb:13
  Rendered collection of templates [0 times] (Duration: 0.0ms | GC: 0.0ms)
  Rendered blogs/show.html.erb within layouts/application (Duration: 4.0ms | GC: 0.0ms)
  Rendered layout layouts/application.html.erb (Duration: 5.7ms | GC: 0.0ms)
Completed 200 OK in 7ms (Views: 6.4ms | ActiveRecord: 0.1ms (2 queries, 0 cached) | GC: 0.0ms)


Started GET "/blogs" for 127.0.0.1 at 2024-10-26 23:54:27 +0800
Processing by BlogsController#index as HTML
  Rendering layout layouts/application.html.erb
  Rendering blogs/index.html.erb within layouts/application
  [1m[36mBlog Load (0.1ms)[0m  [1m[34mSELECT "blogs".* FROM "blogs"[0m
  â†³ app/views/blogs/index.html.erb:3
  Rendered blogs/index.html.erb within layouts/application (Duration: 3.2ms | GC: 0.0ms)
  Rendered layout layouts/application.html.erb (Duration: 4.7ms | GC: 0.0ms)
Completed 200 OK in 5ms (Views: 4.9ms | ActiveRecord: 0.1ms (1 query, 0 cached) | GC: 0.0ms)


Started GET "/blogs/2/edit" for 127.0.0.1 at 2024-10-26 23:54:29 +0800
Processing by BlogsController#edit as HTML
  Parameters: {"id"=>"2"}
  [1m[36mBlog Load (0.1ms)[0m  [1m[34mSELECT "blogs".* FROM "blogs" WHERE "blogs"."id" = ? LIMIT ?[0m  [["id", 2], ["LIMIT", 1]]
  â†³ app/controllers/blogs_controller.rb:68:in `set_blog'
  Rendering layout layouts/application.html.erb
  Rendering blogs/edit.html.erb within layouts/application
  Rendered blogs/_form.html.erb (Duration: 8.0ms | GC: 0.0ms)
  Rendered blogs/edit.html.erb within layouts/application (Duration: 8.2ms | GC: 0.0ms)
  Rendered layout layouts/application.html.erb (Duration: 9.1ms | GC: 0.0ms)
Completed 200 OK in 10ms (Views: 9.3ms | ActiveRecord: 0.1ms (1 query, 0 cached) | GC: 0.0ms)


Started GET "/blogs/2" for 127.0.0.1 at 2024-10-26 23:54:30 +0800
Processing by BlogsController#show as HTML
  Parameters: {"id"=>"2"}
  [1m[36mBlog Load (0.1ms)[0m  [1m[34mSELECT "blogs".* FROM "blogs" WHERE "blogs"."id" = ? LIMIT ?[0m  [["id", 2], ["LIMIT", 1]]
  â†³ app/controllers/blogs_controller.rb:68:in `set_blog'
  Rendering layout layouts/application.html.erb
  Rendering blogs/show.html.erb within layouts/application
  Rendered blogs/_blog.html.erb (Duration: 0.0ms | GC: 0.0ms)
  [1m[36mComment Load (0.0ms)[0m  [1m[34mSELECT "comments".* FROM "comments" WHERE "comments"."blog_id" = ?[0m  [["blog_id", 2]]
  â†³ app/views/blogs/show.html.erb:13
  Rendered collection of templates [0 times] (Duration: 0.0ms | GC: 0.0ms)
  Rendered blogs/show.html.erb within layouts/application (Duration: 2.7ms | GC: 0.0ms)
  Rendered layout layouts/application.html.erb (Duration: 4.9ms | GC: 0.0ms)
Completed 200 OK in 7ms (Views: 5.1ms | ActiveRecord: 0.1ms (2 queries, 0 cached) | GC: 0.0ms)


Started POST "/blogs/2/comments" for 127.0.0.1 at 2024-10-26 23:54:39 +0800
Processing by CommentsController#create as TURBO_STREAM
  Parameters: {"authenticity_token"=>"[FILTERED]", "comment"=>{"content"=>"RubyOnRails"}, "commit"=>"Add Comment", "blog_id"=>"2"}
  [1m[36mBlog Load (0.1ms)[0m  [1m[34mSELECT "blogs".* FROM "blogs" WHERE "blogs"."id" = ? LIMIT ?[0m  [["id", 2], ["LIMIT", 1]]
  â†³ app/controllers/comments_controller.rb:24:in `create'
  [1m[36mTRANSACTION (0.0ms)[0m  [1m[36mbegin transaction[0m
  â†³ app/controllers/comments_controller.rb:29:in `block in create'
  [1m[36mComment Create (0.6ms)[0m  [1m[32mINSERT INTO "comments" ("blog_id", "content", "created_at", "updated_at") VALUES (?, ?, ?, ?) RETURNING "id"[0m  [["blog_id", 2], ["content", "RubyOnRails"], ["created_at", "2024-10-26 15:54:39.543484"], ["updated_at", "2024-10-26 15:54:39.543484"]]
  â†³ app/controllers/comments_controller.rb:29:in `block in create'
  [1m[36mTRANSACTION (0.1ms)[0m  [1m[36mcommit transaction[0m
  â†³ app/controllers/comments_controller.rb:29:in `block in create'
Redirected to http://127.0.0.1:3001/blogs/2
Completed 302 Found in 9ms (ActiveRecord: 0.9ms (2 queries, 0 cached) | GC: 0.0ms)


Started GET "/blogs/2" for 127.0.0.1 at 2024-10-26 23:54:39 +0800
Processing by BlogsController#show as TURBO_STREAM
  Parameters: {"id"=>"2"}
  [1m[36mBlog Load (0.2ms)[0m  [1m[34mSELECT "blogs".* FROM "blogs" WHERE "blogs"."id" = ? LIMIT ?[0m  [["id", 2], ["LIMIT", 1]]
  â†³ app/controllers/blogs_controller.rb:68:in `set_blog'
  Rendering layout layouts/application.html.erb
  Rendering blogs/show.html.erb within layouts/application
  Rendered blogs/_blog.html.erb (Duration: 0.1ms | GC: 0.0ms)
  [1m[36mComment Load (0.0ms)[0m  [1m[34mSELECT "comments".* FROM "comments" WHERE "comments"."blog_id" = ?[0m  [["blog_id", 2]]
  â†³ app/views/blogs/show.html.erb:13
  Rendered collection of comments/_comment.html.erb [1 times] (Duration: 0.9ms | GC: 0.0ms)
  Rendered blogs/show.html.erb within layouts/application (Duration: 6.7ms | GC: 0.0ms)
  Rendered layout layouts/application.html.erb (Duration: 8.2ms | GC: 0.6ms)
Completed 200 OK in 11ms (Views: 8.4ms | ActiveRecord: 0.2ms (2 queries, 0 cached) | GC: 0.8ms)


Started GET "/blogs" for 127.0.0.1 at 2024-10-26 23:54:41 +0800
Processing by BlogsController#index as HTML
  Rendering layout layouts/application.html.erb
  Rendering blogs/index.html.erb within layouts/application
  [1m[36mBlog Load (0.1ms)[0m  [1m[34mSELECT "blogs".* FROM "blogs"[0m
  â†³ app/views/blogs/index.html.erb:3
  Rendered blogs/index.html.erb within layouts/application (Duration: 1.6ms | GC: 0.0ms)
  Rendered layout layouts/application.html.erb (Duration: 2.9ms | GC: 0.0ms)
Completed 200 OK in 4ms (Views: 3.1ms | ActiveRecord: 0.0ms (1 query, 0 cached) | GC: 0.0ms)


Started GET "/blogs" for 127.0.0.1 at 2024-10-26 23:54:43 +0800
Processing by BlogsController#index as HTML
  Rendering layout layouts/application.html.erb
  Rendering blogs/index.html.erb within layouts/application
  [1m[36mBlog Load (0.1ms)[0m  [1m[34mSELECT "blogs".* FROM "blogs"[0m
  â†³ app/views/blogs/index.html.erb:3
  Rendered blogs/index.html.erb within layouts/application (Duration: 2.6ms | GC: 0.0ms)
  Rendered layout layouts/application.html.erb (Duration: 3.7ms | GC: 0.0ms)
Completed 200 OK in 4ms (Views: 4.0ms | ActiveRecord: 0.0ms (1 query, 0 cached) | GC: 0.0ms)


Started GET "/blogs" for 127.0.0.1 at 2024-10-26 23:56:07 +0800
Processing by BlogsController#index as HTML
  Rendering layout layouts/application.html.erb
  Rendering blogs/index.html.erb within layouts/application
  [1m[36mBlog Load (2.1ms)[0m  [1m[34mSELECT "blogs".* FROM "blogs"[0m
  â†³ app/views/blogs/index.html.erb:3
  Rendered blogs/index.html.erb within layouts/application (Duration: 22.7ms | GC: 0.5ms)
  Rendered layout layouts/application.html.erb (Duration: 29.7ms | GC: 0.9ms)
Completed 200 OK in 40ms (Views: 28.7ms | ActiveRecord: 2.3ms (1 query, 0 cached) | GC: 0.9ms)


Started GET "/blogs" for 127.0.0.1 at 2024-10-26 23:56:54 +0800
Processing by BlogsController#index as HTML
  Rendering layout layouts/application.html.erb
  Rendering blogs/index.html.erb within layouts/application
  [1m[36mBlog Load (0.1ms)[0m  [1m[34mSELECT "blogs".* FROM "blogs"[0m
  â†³ app/views/blogs/index.html.erb:3
  Rendered blogs/index.html.erb within layouts/application (Duration: 3.2ms | GC: 0.2ms)
  Rendered layout layouts/application.html.erb (Duration: 15.0ms | GC: 0.4ms)
Completed 200 OK in 20ms (Views: 19.2ms | ActiveRecord: 0.1ms (1 query, 0 cached) | GC: 0.4ms)


Started GET "/blogs" for 127.0.0.1 at 2024-10-26 23:57:22 +0800
Processing by BlogsController#index as HTML
  Rendering layout layouts/application.html.erb
  Rendering blogs/index.html.erb within layouts/application
  [1m[36mBlog Load (1.0ms)[0m  [1m[34mSELECT "blogs".* FROM "blogs"[0m
  â†³ app/views/blogs/index.html.erb:3
  Rendered blogs/index.html.erb within layouts/application (Duration: 18.8ms | GC: 0.0ms)
  Rendered layout layouts/application.html.erb (Duration: 27.3ms | GC: 0.0ms)
Completed 200 OK in 37ms (Views: 28.8ms | ActiveRecord: 1.2ms (1 query, 0 cached) | GC: 0.0ms)


Started GET "/blogs" for 127.0.0.1 at 2024-10-26 23:57:23 +0800
Processing by BlogsController#index as HTML
  Rendering layout layouts/application.html.erb
  Rendering blogs/index.html.erb within layouts/application
  [1m[36mBlog Load (0.1ms)[0m  [1m[34mSELECT "blogs".* FROM "blogs"[0m
  â†³ app/views/blogs/index.html.erb:3
  Rendered blogs/index.html.erb within layouts/application (Duration: 2.3ms | GC: 0.0ms)
  Rendered layout layouts/application.html.erb (Duration: 17.0ms | GC: 0.0ms)
Completed 200 OK in 29ms (Views: 18.5ms | ActiveRecord: 0.0ms (1 query, 0 cached) | GC: 0.0ms)


Started GET "/blogs/1" for 127.0.0.1 at 2024-10-26 23:57:26 +0800
Processing by BlogsController#show as HTML
  Parameters: {"id"=>"1"}
  [1m[36mBlog Load (0.1ms)[0m  [1m[34mSELECT "blogs".* FROM "blogs" WHERE "blogs"."id" = ? LIMIT ?[0m  [["id", 1], ["LIMIT", 1]]
  â†³ app/controllers/blogs_controller.rb:68:in `set_blog'
  Rendering layout layouts/application.html.erb
  Rendering blogs/show.html.erb within layouts/application
  Rendered blogs/_blog.html.erb (Duration: 0.4ms | GC: 0.0ms)
  [1m[36mComment Load (0.1ms)[0m  [1m[34mSELECT "comments".* FROM "comments" WHERE "comments"."blog_id" = ?[0m  [["blog_id", 1]]
  â†³ app/views/blogs/show.html.erb:13
  Rendered collection of comments/_comment.html.erb [2 times] (Duration: 1.4ms | GC: 0.0ms)
  Rendered blogs/show.html.erb within layouts/application (Duration: 49.0ms | GC: 7.0ms)
  Rendered layout layouts/application.html.erb (Duration: 51.7ms | GC: 7.4ms)
Completed 200 OK in 56ms (Views: 52.1ms | ActiveRecord: 0.4ms (2 queries, 0 cached) | GC: 7.4ms)


Started GET "/blogs/2" for 127.0.0.1 at 2024-10-26 23:57:32 +0800
Processing by BlogsController#show as HTML
  Parameters: {"id"=>"2"}
  [1m[36mBlog Load (0.1ms)[0m  [1m[34mSELECT "blogs".* FROM "blogs" WHERE "blogs"."id" = ? LIMIT ?[0m  [["id", 2], ["LIMIT", 1]]
  â†³ app/controllers/blogs_controller.rb:68:in `set_blog'
  Rendering layout layouts/application.html.erb
  Rendering blogs/show.html.erb within layouts/application
  Rendered blogs/_blog.html.erb (Duration: 0.0ms | GC: 0.0ms)
  [1m[36mComment Load (0.0ms)[0m  [1m[34mSELECT "comments".* FROM "comments" WHERE "comments"."blog_id" = ?[0m  [["blog_id", 2]]
  â†³ app/views/blogs/show.html.erb:13
  Rendered collection of comments/_comment.html.erb [1 times] (Duration: 1.3ms | GC: 0.5ms)
  Rendered blogs/show.html.erb within layouts/application (Duration: 4.5ms | GC: 0.5ms)
  Rendered layout layouts/application.html.erb (Duration: 7.9ms | GC: 0.5ms)
Completed 200 OK in 10ms (Views: 8.2ms | ActiveRecord: 0.1ms (2 queries, 0 cached) | GC: 0.5ms)


